d:\vs1\project0000\x64\debug\vc142.pdb
d:\vs1\project0000\x64\debug\vc142.idb
d:\vs1\project0000\x64\debug\字符串，转义字符，注释.obj
d:\vs1\project0000\x64\debug\变量.obj
d:\vs1\project0000\x64\debug\c语言初识.obj
d:\vs1\project0000\x64\debug\选择语句.obj
d:\vs1\project0000\x64\debug\数组.obj
d:\vs1\project0000\x64\debug\操作符.obj
d:\vs1\project0000\x64\debug\循环语句.obj
d:\vs1\project0000\x64\debug\函数.obj
d:\vs1\project0000\x64\debug\test.obj
d:\vs1\project0000\x64\debug\逻辑练习.obj
d:\vs1\project0000\x64\debug\关机.obj
d:\vs1\project0000\x64\debug\逻辑练习add.obj
d:\vs1\project0000\x64\debug\指针.obj
d:\vs1\project0000\x64\debug\结构体.obj
d:\vs1\project0000\x64\debug\分支和循环语句.obj
d:\vs1\project0000\x64\debug\猴子吃桃.obj
d:\vs1\project0000\x64\debug\project0000.exe
d:\vs1\project0000\x64\debug\project0000.ilk
d:\vs1\project0000\x64\debug\project0000.pdb
d:\vs1\project0000\x64\debug\project0000.tlog\cl.command.1.tlog
d:\vs1\project0000\x64\debug\project0000.tlog\cl.read.1.tlog
d:\vs1\project0000\x64\debug\project0000.tlog\cl.write.1.tlog
d:\vs1\project0000\x64\debug\project0000.tlog\link.command.1.tlog
d:\vs1\project0000\x64\debug\project0000.tlog\link.read.1.tlog
d:\vs1\project0000\x64\debug\project0000.tlog\link.write.1.tlog
